<?xml version="1.0" encoding="UTF-8"?>
<testsuite xmlns:xsi="http://www.w3.org/2001/XMLSchema-instance" xsi:noNamespaceSchemaLocation="https://maven.apache.org/surefire/maven-surefire-plugin/xsd/surefire-test-report.xsd" name="GameStateHandlerTest" time="0.045" tests="12" errors="0" skipped="0" failures="0">
  <properties>
    <property name="sun.desktop" value="windows"/>
    <property name="awt.toolkit" value="sun.awt.windows.WToolkit"/>
    <property name="java.specification.version" value="11"/>
    <property name="sun.cpu.isalist" value="amd64"/>
    <property name="sun.jnu.encoding" value="Cp1252"/>
    <property name="java.class.path" value="C:\Users\root\Documents\Git\FHICT\New folder\tictactoe\websocket-server\target\test-classes;C:\Users\root\Documents\Git\FHICT\New folder\tictactoe\websocket-server\target\classes;C:\Users\root\.m2\repository\ch\qos\logback\logback-classic\1.2.3\logback-classic-1.2.3.jar;C:\Users\root\.m2\repository\ch\qos\logback\logback-core\1.2.3\logback-core-1.2.3.jar;C:\Users\root\.m2\repository\org\slf4j\slf4j-api\1.7.30\slf4j-api-1.7.30.jar;C:\Users\root\.m2\repository\com\google\code\gson\gson\2.8.5\gson-2.8.5.jar;C:\Users\root\.m2\repository\org\eclipse\jetty\websocket\javax-websocket-server-impl\9.4.32.v20200930\javax-websocket-server-impl-9.4.32.v20200930.jar;C:\Users\root\.m2\repository\org\eclipse\jetty\jetty-annotations\9.4.34.v20201102\jetty-annotations-9.4.34.v20201102.jar;C:\Users\root\.m2\repository\org\eclipse\jetty\jetty-plus\9.4.34.v20201102\jetty-plus-9.4.34.v20201102.jar;C:\Users\root\.m2\repository\org\eclipse\jetty\jetty-jndi\9.4.34.v20201102\jetty-jndi-9.4.34.v20201102.jar;C:\Users\root\.m2\repository\org\eclipse\jetty\jetty-webapp\9.4.34.v20201102\jetty-webapp-9.4.34.v20201102.jar;C:\Users\root\.m2\repository\org\eclipse\jetty\jetty-xml\9.4.34.v20201102\jetty-xml-9.4.34.v20201102.jar;C:\Users\root\.m2\repository\javax\annotation\javax.annotation-api\1.3.2\javax.annotation-api-1.3.2.jar;C:\Users\root\.m2\repository\org\ow2\asm\asm\9.0\asm-9.0.jar;C:\Users\root\.m2\repository\org\ow2\asm\asm-commons\9.0\asm-commons-9.0.jar;C:\Users\root\.m2\repository\org\ow2\asm\asm-tree\9.0\asm-tree-9.0.jar;C:\Users\root\.m2\repository\org\ow2\asm\asm-analysis\9.0\asm-analysis-9.0.jar;C:\Users\root\.m2\repository\org\eclipse\jetty\websocket\javax-websocket-client-impl\9.4.34.v20201102\javax-websocket-client-impl-9.4.34.v20201102.jar;C:\Users\root\.m2\repository\org\eclipse\jetty\websocket\websocket-client\9.4.34.v20201102\websocket-client-9.4.34.v20201102.jar;C:\Users\root\.m2\repository\org\eclipse\jetty\jetty-client\9.4.34.v20201102\jetty-client-9.4.34.v20201102.jar;C:\Users\root\.m2\repository\org\eclipse\jetty\jetty-util\9.4.34.v20201102\jetty-util-9.4.34.v20201102.jar;C:\Users\root\.m2\repository\org\eclipse\jetty\jetty-io\9.4.34.v20201102\jetty-io-9.4.34.v20201102.jar;C:\Users\root\.m2\repository\javax\websocket\javax.websocket-client-api\1.0\javax.websocket-client-api-1.0.jar;C:\Users\root\.m2\repository\org\eclipse\jetty\websocket\websocket-server\9.4.34.v20201102\websocket-server-9.4.34.v20201102.jar;C:\Users\root\.m2\repository\org\eclipse\jetty\websocket\websocket-common\9.4.34.v20201102\websocket-common-9.4.34.v20201102.jar;C:\Users\root\.m2\repository\org\eclipse\jetty\websocket\websocket-api\9.4.34.v20201102\websocket-api-9.4.34.v20201102.jar;C:\Users\root\.m2\repository\org\eclipse\jetty\websocket\websocket-servlet\9.4.34.v20201102\websocket-servlet-9.4.34.v20201102.jar;C:\Users\root\.m2\repository\javax\servlet\javax.servlet-api\4.0.1\javax.servlet-api-4.0.1.jar;C:\Users\root\.m2\repository\org\eclipse\jetty\jetty-servlet\9.4.34.v20201102\jetty-servlet-9.4.34.v20201102.jar;C:\Users\root\.m2\repository\org\eclipse\jetty\jetty-security\9.4.34.v20201102\jetty-security-9.4.34.v20201102.jar;C:\Users\root\.m2\repository\org\eclipse\jetty\jetty-server\9.4.34.v20201102\jetty-server-9.4.34.v20201102.jar;C:\Users\root\.m2\repository\org\eclipse\jetty\jetty-http\9.4.34.v20201102\jetty-http-9.4.34.v20201102.jar;C:\Users\root\.m2\repository\javax\websocket\javax.websocket-api\1.1\javax.websocket-api-1.1.jar;C:\Users\root\.m2\repository\junit\junit\4.13.1\junit-4.13.1.jar;C:\Users\root\.m2\repository\org\hamcrest\hamcrest-core\2.2\hamcrest-core-2.2.jar;C:\Users\root\Documents\Git\FHICT\New folder\tictactoe\shared\target\classes;C:\Users\root\.m2\repository\org\springframework\boot\spring-boot-starter-web\2.4.0\spring-boot-starter-web-2.4.0.jar;C:\Users\root\.m2\repository\org\springframework\boot\spring-boot-starter\2.4.0\spring-boot-starter-2.4.0.jar;C:\Users\root\.m2\repository\org\springframework\boot\spring-boot\2.4.0\spring-boot-2.4.0.jar;C:\Users\root\.m2\repository\org\springframework\boot\spring-boot-autoconfigure\2.4.0\spring-boot-autoconfigure-2.4.0.jar;C:\Users\root\.m2\repository\org\springframework\boot\spring-boot-starter-logging\2.4.0\spring-boot-starter-logging-2.4.0.jar;C:\Users\root\.m2\repository\org\apache\logging\log4j\log4j-to-slf4j\2.13.3\log4j-to-slf4j-2.13.3.jar;C:\Users\root\.m2\repository\org\apache\logging\log4j\log4j-api\2.13.3\log4j-api-2.13.3.jar;C:\Users\root\.m2\repository\org\slf4j\jul-to-slf4j\1.7.30\jul-to-slf4j-1.7.30.jar;C:\Users\root\.m2\repository\org\yaml\snakeyaml\1.27\snakeyaml-1.27.jar;C:\Users\root\.m2\repository\org\springframework\boot\spring-boot-starter-json\2.4.0\spring-boot-starter-json-2.4.0.jar;C:\Users\root\.m2\repository\com\fasterxml\jackson\core\jackson-databind\2.11.3\jackson-databind-2.11.3.jar;C:\Users\root\.m2\repository\com\fasterxml\jackson\core\jackson-annotations\2.11.3\jackson-annotations-2.11.3.jar;C:\Users\root\.m2\repository\com\fasterxml\jackson\core\jackson-core\2.11.3\jackson-core-2.11.3.jar;C:\Users\root\.m2\repository\com\fasterxml\jackson\datatype\jackson-datatype-jdk8\2.11.3\jackson-datatype-jdk8-2.11.3.jar;C:\Users\root\.m2\repository\com\fasterxml\jackson\datatype\jackson-datatype-jsr310\2.11.3\jackson-datatype-jsr310-2.11.3.jar;C:\Users\root\.m2\repository\com\fasterxml\jackson\module\jackson-module-parameter-names\2.11.3\jackson-module-parameter-names-2.11.3.jar;C:\Users\root\.m2\repository\org\springframework\spring-web\5.3.1\spring-web-5.3.1.jar;C:\Users\root\.m2\repository\org\springframework\spring-beans\5.3.1\spring-beans-5.3.1.jar;C:\Users\root\.m2\repository\org\springframework\spring-webmvc\5.3.1\spring-webmvc-5.3.1.jar;C:\Users\root\.m2\repository\org\springframework\spring-aop\5.3.1\spring-aop-5.3.1.jar;C:\Users\root\.m2\repository\org\springframework\spring-context\5.3.1\spring-context-5.3.1.jar;C:\Users\root\.m2\repository\org\springframework\spring-expression\5.3.1\spring-expression-5.3.1.jar;C:\Users\root\.m2\repository\org\springframework\boot\spring-boot-starter-test\2.4.0\spring-boot-starter-test-2.4.0.jar;C:\Users\root\.m2\repository\org\springframework\boot\spring-boot-test\2.4.0\spring-boot-test-2.4.0.jar;C:\Users\root\.m2\repository\org\springframework\boot\spring-boot-test-autoconfigure\2.4.0\spring-boot-test-autoconfigure-2.4.0.jar;C:\Users\root\.m2\repository\com\jayway\jsonpath\json-path\2.4.0\json-path-2.4.0.jar;C:\Users\root\.m2\repository\net\minidev\json-smart\2.3\json-smart-2.3.jar;C:\Users\root\.m2\repository\net\minidev\accessors-smart\1.2\accessors-smart-1.2.jar;C:\Users\root\.m2\repository\jakarta\xml\bind\jakarta.xml.bind-api\2.3.3\jakarta.xml.bind-api-2.3.3.jar;C:\Users\root\.m2\repository\jakarta\activation\jakarta.activation-api\1.2.2\jakarta.activation-api-1.2.2.jar;C:\Users\root\.m2\repository\org\assertj\assertj-core\3.18.1\assertj-core-3.18.1.jar;C:\Users\root\.m2\repository\org\hamcrest\hamcrest\2.2\hamcrest-2.2.jar;C:\Users\root\.m2\repository\org\junit\jupiter\junit-jupiter\5.7.0\junit-jupiter-5.7.0.jar;C:\Users\root\.m2\repository\org\junit\jupiter\junit-jupiter-api\5.7.0\junit-jupiter-api-5.7.0.jar;C:\Users\root\.m2\repository\org\apiguardian\apiguardian-api\1.1.0\apiguardian-api-1.1.0.jar;C:\Users\root\.m2\repository\org\opentest4j\opentest4j\1.2.0\opentest4j-1.2.0.jar;C:\Users\root\.m2\repository\org\junit\platform\junit-platform-commons\1.7.0\junit-platform-commons-1.7.0.jar;C:\Users\root\.m2\repository\org\junit\jupiter\junit-jupiter-params\5.7.0\junit-jupiter-params-5.7.0.jar;C:\Users\root\.m2\repository\org\junit\jupiter\junit-jupiter-engine\5.7.0\junit-jupiter-engine-5.7.0.jar;C:\Users\root\.m2\repository\org\junit\platform\junit-platform-engine\1.7.0\junit-platform-engine-1.7.0.jar;C:\Users\root\.m2\repository\org\mockito\mockito-core\3.6.0\mockito-core-3.6.0.jar;C:\Users\root\.m2\repository\net\bytebuddy\byte-buddy\1.10.18\byte-buddy-1.10.18.jar;C:\Users\root\.m2\repository\net\bytebuddy\byte-buddy-agent\1.10.18\byte-buddy-agent-1.10.18.jar;C:\Users\root\.m2\repository\org\objenesis\objenesis\3.1\objenesis-3.1.jar;C:\Users\root\.m2\repository\org\mockito\mockito-junit-jupiter\3.6.0\mockito-junit-jupiter-3.6.0.jar;C:\Users\root\.m2\repository\org\skyscreamer\jsonassert\1.5.0\jsonassert-1.5.0.jar;C:\Users\root\.m2\repository\com\vaadin\external\google\android-json\0.0.20131108.vaadin1\android-json-0.0.20131108.vaadin1.jar;C:\Users\root\.m2\repository\org\springframework\spring-core\5.3.1\spring-core-5.3.1.jar;C:\Users\root\.m2\repository\org\springframework\spring-jcl\5.3.1\spring-jcl-5.3.1.jar;C:\Users\root\.m2\repository\org\springframework\spring-test\5.3.1\spring-test-5.3.1.jar;C:\Users\root\.m2\repository\org\xmlunit\xmlunit-core\2.7.0\xmlunit-core-2.7.0.jar;C:\Users\root\.m2\repository\org\springframework\boot\spring-boot-starter-tomcat\2.4.0\spring-boot-starter-tomcat-2.4.0.jar;C:\Users\root\.m2\repository\jakarta\annotation\jakarta.annotation-api\1.3.5\jakarta.annotation-api-1.3.5.jar;C:\Users\root\.m2\repository\org\apache\tomcat\embed\tomcat-embed-core\9.0.39\tomcat-embed-core-9.0.39.jar;C:\Users\root\.m2\repository\org\glassfish\jakarta.el\3.0.3\jakarta.el-3.0.3.jar;C:\Users\root\.m2\repository\org\apache\tomcat\embed\tomcat-embed-websocket\9.0.39\tomcat-embed-websocket-9.0.39.jar;"/>
    <property name="java.vm.vendor" value="Oracle Corporation"/>
    <property name="sun.arch.data.model" value="64"/>
    <property name="user.variant" value=""/>
    <property name="java.vendor.url" value="https://openjdk.java.net/"/>
    <property name="user.timezone" value="Europe/Berlin"/>
    <property name="java.vm.specification.version" value="11"/>
    <property name="os.name" value="Windows 10"/>
    <property name="sun.java.launcher" value="SUN_STANDARD"/>
    <property name="user.country" value="US"/>
    <property name="sun.boot.library.path" value="C:\Program Files\Java\jdk-11.0.8\bin"/>
    <property name="sun.java.command" value="C:\Users\root\AppData\Local\Temp\surefire239195807985105799\surefirebooter10397452365347510575.jar C:\Users\root\AppData\Local\Temp\surefire239195807985105799 2021-01-15T14-31-44_049-jvmRun1 surefire13577390134410570722tmp surefire_014917458721954866929tmp"/>
    <property name="jdk.debug" value="release"/>
    <property name="surefire.test.class.path" value="C:\Users\root\Documents\Git\FHICT\New folder\tictactoe\websocket-server\target\test-classes;C:\Users\root\Documents\Git\FHICT\New folder\tictactoe\websocket-server\target\classes;C:\Users\root\.m2\repository\ch\qos\logback\logback-classic\1.2.3\logback-classic-1.2.3.jar;C:\Users\root\.m2\repository\ch\qos\logback\logback-core\1.2.3\logback-core-1.2.3.jar;C:\Users\root\.m2\repository\org\slf4j\slf4j-api\1.7.30\slf4j-api-1.7.30.jar;C:\Users\root\.m2\repository\com\google\code\gson\gson\2.8.5\gson-2.8.5.jar;C:\Users\root\.m2\repository\org\eclipse\jetty\websocket\javax-websocket-server-impl\9.4.32.v20200930\javax-websocket-server-impl-9.4.32.v20200930.jar;C:\Users\root\.m2\repository\org\eclipse\jetty\jetty-annotations\9.4.34.v20201102\jetty-annotations-9.4.34.v20201102.jar;C:\Users\root\.m2\repository\org\eclipse\jetty\jetty-plus\9.4.34.v20201102\jetty-plus-9.4.34.v20201102.jar;C:\Users\root\.m2\repository\org\eclipse\jetty\jetty-jndi\9.4.34.v20201102\jetty-jndi-9.4.34.v20201102.jar;C:\Users\root\.m2\repository\org\eclipse\jetty\jetty-webapp\9.4.34.v20201102\jetty-webapp-9.4.34.v20201102.jar;C:\Users\root\.m2\repository\org\eclipse\jetty\jetty-xml\9.4.34.v20201102\jetty-xml-9.4.34.v20201102.jar;C:\Users\root\.m2\repository\javax\annotation\javax.annotation-api\1.3.2\javax.annotation-api-1.3.2.jar;C:\Users\root\.m2\repository\org\ow2\asm\asm\9.0\asm-9.0.jar;C:\Users\root\.m2\repository\org\ow2\asm\asm-commons\9.0\asm-commons-9.0.jar;C:\Users\root\.m2\repository\org\ow2\asm\asm-tree\9.0\asm-tree-9.0.jar;C:\Users\root\.m2\repository\org\ow2\asm\asm-analysis\9.0\asm-analysis-9.0.jar;C:\Users\root\.m2\repository\org\eclipse\jetty\websocket\javax-websocket-client-impl\9.4.34.v20201102\javax-websocket-client-impl-9.4.34.v20201102.jar;C:\Users\root\.m2\repository\org\eclipse\jetty\websocket\websocket-client\9.4.34.v20201102\websocket-client-9.4.34.v20201102.jar;C:\Users\root\.m2\repository\org\eclipse\jetty\jetty-client\9.4.34.v20201102\jetty-client-9.4.34.v20201102.jar;C:\Users\root\.m2\repository\org\eclipse\jetty\jetty-util\9.4.34.v20201102\jetty-util-9.4.34.v20201102.jar;C:\Users\root\.m2\repository\org\eclipse\jetty\jetty-io\9.4.34.v20201102\jetty-io-9.4.34.v20201102.jar;C:\Users\root\.m2\repository\javax\websocket\javax.websocket-client-api\1.0\javax.websocket-client-api-1.0.jar;C:\Users\root\.m2\repository\org\eclipse\jetty\websocket\websocket-server\9.4.34.v20201102\websocket-server-9.4.34.v20201102.jar;C:\Users\root\.m2\repository\org\eclipse\jetty\websocket\websocket-common\9.4.34.v20201102\websocket-common-9.4.34.v20201102.jar;C:\Users\root\.m2\repository\org\eclipse\jetty\websocket\websocket-api\9.4.34.v20201102\websocket-api-9.4.34.v20201102.jar;C:\Users\root\.m2\repository\org\eclipse\jetty\websocket\websocket-servlet\9.4.34.v20201102\websocket-servlet-9.4.34.v20201102.jar;C:\Users\root\.m2\repository\javax\servlet\javax.servlet-api\4.0.1\javax.servlet-api-4.0.1.jar;C:\Users\root\.m2\repository\org\eclipse\jetty\jetty-servlet\9.4.34.v20201102\jetty-servlet-9.4.34.v20201102.jar;C:\Users\root\.m2\repository\org\eclipse\jetty\jetty-security\9.4.34.v20201102\jetty-security-9.4.34.v20201102.jar;C:\Users\root\.m2\repository\org\eclipse\jetty\jetty-server\9.4.34.v20201102\jetty-server-9.4.34.v20201102.jar;C:\Users\root\.m2\repository\org\eclipse\jetty\jetty-http\9.4.34.v20201102\jetty-http-9.4.34.v20201102.jar;C:\Users\root\.m2\repository\javax\websocket\javax.websocket-api\1.1\javax.websocket-api-1.1.jar;C:\Users\root\.m2\repository\junit\junit\4.13.1\junit-4.13.1.jar;C:\Users\root\.m2\repository\org\hamcrest\hamcrest-core\2.2\hamcrest-core-2.2.jar;C:\Users\root\Documents\Git\FHICT\New folder\tictactoe\shared\target\classes;C:\Users\root\.m2\repository\org\springframework\boot\spring-boot-starter-web\2.4.0\spring-boot-starter-web-2.4.0.jar;C:\Users\root\.m2\repository\org\springframework\boot\spring-boot-starter\2.4.0\spring-boot-starter-2.4.0.jar;C:\Users\root\.m2\repository\org\springframework\boot\spring-boot\2.4.0\spring-boot-2.4.0.jar;C:\Users\root\.m2\repository\org\springframework\boot\spring-boot-autoconfigure\2.4.0\spring-boot-autoconfigure-2.4.0.jar;C:\Users\root\.m2\repository\org\springframework\boot\spring-boot-starter-logging\2.4.0\spring-boot-starter-logging-2.4.0.jar;C:\Users\root\.m2\repository\org\apache\logging\log4j\log4j-to-slf4j\2.13.3\log4j-to-slf4j-2.13.3.jar;C:\Users\root\.m2\repository\org\apache\logging\log4j\log4j-api\2.13.3\log4j-api-2.13.3.jar;C:\Users\root\.m2\repository\org\slf4j\jul-to-slf4j\1.7.30\jul-to-slf4j-1.7.30.jar;C:\Users\root\.m2\repository\org\yaml\snakeyaml\1.27\snakeyaml-1.27.jar;C:\Users\root\.m2\repository\org\springframework\boot\spring-boot-starter-json\2.4.0\spring-boot-starter-json-2.4.0.jar;C:\Users\root\.m2\repository\com\fasterxml\jackson\core\jackson-databind\2.11.3\jackson-databind-2.11.3.jar;C:\Users\root\.m2\repository\com\fasterxml\jackson\core\jackson-annotations\2.11.3\jackson-annotations-2.11.3.jar;C:\Users\root\.m2\repository\com\fasterxml\jackson\core\jackson-core\2.11.3\jackson-core-2.11.3.jar;C:\Users\root\.m2\repository\com\fasterxml\jackson\datatype\jackson-datatype-jdk8\2.11.3\jackson-datatype-jdk8-2.11.3.jar;C:\Users\root\.m2\repository\com\fasterxml\jackson\datatype\jackson-datatype-jsr310\2.11.3\jackson-datatype-jsr310-2.11.3.jar;C:\Users\root\.m2\repository\com\fasterxml\jackson\module\jackson-module-parameter-names\2.11.3\jackson-module-parameter-names-2.11.3.jar;C:\Users\root\.m2\repository\org\springframework\spring-web\5.3.1\spring-web-5.3.1.jar;C:\Users\root\.m2\repository\org\springframework\spring-beans\5.3.1\spring-beans-5.3.1.jar;C:\Users\root\.m2\repository\org\springframework\spring-webmvc\5.3.1\spring-webmvc-5.3.1.jar;C:\Users\root\.m2\repository\org\springframework\spring-aop\5.3.1\spring-aop-5.3.1.jar;C:\Users\root\.m2\repository\org\springframework\spring-context\5.3.1\spring-context-5.3.1.jar;C:\Users\root\.m2\repository\org\springframework\spring-expression\5.3.1\spring-expression-5.3.1.jar;C:\Users\root\.m2\repository\org\springframework\boot\spring-boot-starter-test\2.4.0\spring-boot-starter-test-2.4.0.jar;C:\Users\root\.m2\repository\org\springframework\boot\spring-boot-test\2.4.0\spring-boot-test-2.4.0.jar;C:\Users\root\.m2\repository\org\springframework\boot\spring-boot-test-autoconfigure\2.4.0\spring-boot-test-autoconfigure-2.4.0.jar;C:\Users\root\.m2\repository\com\jayway\jsonpath\json-path\2.4.0\json-path-2.4.0.jar;C:\Users\root\.m2\repository\net\minidev\json-smart\2.3\json-smart-2.3.jar;C:\Users\root\.m2\repository\net\minidev\accessors-smart\1.2\accessors-smart-1.2.jar;C:\Users\root\.m2\repository\jakarta\xml\bind\jakarta.xml.bind-api\2.3.3\jakarta.xml.bind-api-2.3.3.jar;C:\Users\root\.m2\repository\jakarta\activation\jakarta.activation-api\1.2.2\jakarta.activation-api-1.2.2.jar;C:\Users\root\.m2\repository\org\assertj\assertj-core\3.18.1\assertj-core-3.18.1.jar;C:\Users\root\.m2\repository\org\hamcrest\hamcrest\2.2\hamcrest-2.2.jar;C:\Users\root\.m2\repository\org\junit\jupiter\junit-jupiter\5.7.0\junit-jupiter-5.7.0.jar;C:\Users\root\.m2\repository\org\junit\jupiter\junit-jupiter-api\5.7.0\junit-jupiter-api-5.7.0.jar;C:\Users\root\.m2\repository\org\apiguardian\apiguardian-api\1.1.0\apiguardian-api-1.1.0.jar;C:\Users\root\.m2\repository\org\opentest4j\opentest4j\1.2.0\opentest4j-1.2.0.jar;C:\Users\root\.m2\repository\org\junit\platform\junit-platform-commons\1.7.0\junit-platform-commons-1.7.0.jar;C:\Users\root\.m2\repository\org\junit\jupiter\junit-jupiter-params\5.7.0\junit-jupiter-params-5.7.0.jar;C:\Users\root\.m2\repository\org\junit\jupiter\junit-jupiter-engine\5.7.0\junit-jupiter-engine-5.7.0.jar;C:\Users\root\.m2\repository\org\junit\platform\junit-platform-engine\1.7.0\junit-platform-engine-1.7.0.jar;C:\Users\root\.m2\repository\org\mockito\mockito-core\3.6.0\mockito-core-3.6.0.jar;C:\Users\root\.m2\repository\net\bytebuddy\byte-buddy\1.10.18\byte-buddy-1.10.18.jar;C:\Users\root\.m2\repository\net\bytebuddy\byte-buddy-agent\1.10.18\byte-buddy-agent-1.10.18.jar;C:\Users\root\.m2\repository\org\objenesis\objenesis\3.1\objenesis-3.1.jar;C:\Users\root\.m2\repository\org\mockito\mockito-junit-jupiter\3.6.0\mockito-junit-jupiter-3.6.0.jar;C:\Users\root\.m2\repository\org\skyscreamer\jsonassert\1.5.0\jsonassert-1.5.0.jar;C:\Users\root\.m2\repository\com\vaadin\external\google\android-json\0.0.20131108.vaadin1\android-json-0.0.20131108.vaadin1.jar;C:\Users\root\.m2\repository\org\springframework\spring-core\5.3.1\spring-core-5.3.1.jar;C:\Users\root\.m2\repository\org\springframework\spring-jcl\5.3.1\spring-jcl-5.3.1.jar;C:\Users\root\.m2\repository\org\springframework\spring-test\5.3.1\spring-test-5.3.1.jar;C:\Users\root\.m2\repository\org\xmlunit\xmlunit-core\2.7.0\xmlunit-core-2.7.0.jar;C:\Users\root\.m2\repository\org\springframework\boot\spring-boot-starter-tomcat\2.4.0\spring-boot-starter-tomcat-2.4.0.jar;C:\Users\root\.m2\repository\jakarta\annotation\jakarta.annotation-api\1.3.5\jakarta.annotation-api-1.3.5.jar;C:\Users\root\.m2\repository\org\apache\tomcat\embed\tomcat-embed-core\9.0.39\tomcat-embed-core-9.0.39.jar;C:\Users\root\.m2\repository\org\glassfish\jakarta.el\3.0.3\jakarta.el-3.0.3.jar;C:\Users\root\.m2\repository\org\apache\tomcat\embed\tomcat-embed-websocket\9.0.39\tomcat-embed-websocket-9.0.39.jar;"/>
    <property name="sun.cpu.endian" value="little"/>
    <property name="user.home" value="C:\Users\root"/>
    <property name="user.language" value="en"/>
    <property name="java.specification.vendor" value="Oracle Corporation"/>
    <property name="java.version.date" value="2020-07-14"/>
    <property name="java.home" value="C:\Program Files\Java\jdk-11.0.8"/>
    <property name="file.separator" value="\"/>
    <property name="basedir" value="C:\Users\root\Documents\Git\FHICT\New folder\tictactoe\websocket-server"/>
    <property name="java.vm.compressedOopsMode" value="Zero based"/>
    <property name="line.separator" value="&#10;"/>
    <property name="java.specification.name" value="Java Platform API Specification"/>
    <property name="java.vm.specification.vendor" value="Oracle Corporation"/>
    <property name="java.awt.graphicsenv" value="sun.awt.Win32GraphicsEnvironment"/>
    <property name="surefire.real.class.path" value="C:\Users\root\AppData\Local\Temp\surefire239195807985105799\surefirebooter10397452365347510575.jar"/>
    <property name="user.script" value=""/>
    <property name="sun.management.compiler" value="HotSpot 64-Bit Tiered Compilers"/>
    <property name="java.runtime.version" value="11.0.8+10-LTS"/>
    <property name="user.name" value="root"/>
    <property name="path.separator" value=";"/>
    <property name="os.version" value="10.0"/>
    <property name="java.runtime.name" value="Java(TM) SE Runtime Environment"/>
    <property name="file.encoding" value="Cp1252"/>
    <property name="java.vm.name" value="Java HotSpot(TM) 64-Bit Server VM"/>
    <property name="java.vendor.version" value="18.9"/>
    <property name="localRepository" value="C:\Users\root\.m2\repository"/>
    <property name="java.vendor.url.bug" value="https://bugreport.java.com/bugreport/"/>
    <property name="java.io.tmpdir" value="C:\Users\root\AppData\Local\Temp\"/>
    <property name="java.version" value="11.0.8"/>
    <property name="user.dir" value="C:\Users\root\Documents\Git\FHICT\New folder\tictactoe\websocket-server"/>
    <property name="os.arch" value="amd64"/>
    <property name="java.vm.specification.name" value="Java Virtual Machine Specification"/>
    <property name="java.awt.printerjob" value="sun.awt.windows.WPrinterJob"/>
    <property name="sun.os.patch.level" value=""/>
    <property name="java.library.path" value="C:\Program Files\Java\jdk-11.0.8\bin;C:\WINDOWS\Sun\Java\bin;C:\WINDOWS\system32;C:\WINDOWS;C:\Program Files\Common Files\Oracle\Java\javapath;C:\Program Files (x86)\Common Files\Oracle\Java\javapath;C:\Windows\system32;C:\Windows;C:\Windows\System32\Wbem;C:\Windows\System32\WindowsPowerShell\v1.0\;C:\Windows\System32\OpenSSH\;C:\Program Files\Git\cmd;C:\Program Files\NVIDIA Corporation\NVIDIA NvDLISR;C:\Program Files (x86)\NVIDIA Corporation\PhysX\Common;C:\Program Files\dotnet\;C:\Program Files\Microsoft SQL Server\130\Tools\Binn\;C:\Program Files\Microsoft SQL Server\Client SDK\ODBC\170\Tools\Binn\;C:\Program Files (x86)\Microsoft SQL Server\150\DTS\Binn\;C:\Program Files\nodejs\;C:\Users\root\AppData\Local\Programs\Python\Python38;C:\Users\root\AppData\Local\Programs\Python\Python38\Scripts;C:\Program Files\Mullvad VPN\resources;C:\Program Files\Java\jdk-11.0.8\bin;;%SystemRoot%\system32;%SystemRoot%;%SystemRoot%\System32\Wbem;%SYSTEMROOT%\System32\WindowsPowerShell\v1.0\;%SYSTEMROOT%\System32\OpenSSH\;C:\Users\root\AppData\Local\Microsoft\WindowsApps;C:\Users\root\AppData\Roaming\npm;C:\Users\root\AppData\Local\Programs\Microsoft VS Code\bin;C:\apache-maven-3.6.3;C:\Program Files\Java\jdk-11.0.8\bin;C:\apache-maven-3.6.3\bin;;."/>
    <property name="java.vendor" value="Oracle Corporation"/>
    <property name="java.vm.info" value="mixed mode"/>
    <property name="java.vm.version" value="11.0.8+10-LTS"/>
    <property name="sun.io.unicode.encoding" value="UnicodeLittle"/>
    <property name="java.class.version" value="55.0"/>
  </properties>
  <testcase name="readyCheckTestOnePlayer" classname="GameStateHandlerTest" time="0.02"/>
  <testcase name="checkWinVerticalY2" classname="GameStateHandlerTest" time="0.011"/>
  <testcase name="checkWinVerticalY3" classname="GameStateHandlerTest" time="0"/>
  <testcase name="readyCheckTestTwoPlayers" classname="GameStateHandlerTest" time="0"/>
  <testcase name="checkWinDiagonalY" classname="GameStateHandlerTest" time="0.001"/>
  <testcase name="checkDraw" classname="GameStateHandlerTest" time="0.001"/>
  <testcase name="checkWinVerticalY" classname="GameStateHandlerTest" time="0"/>
  <testcase name="readyCheckTestError" classname="GameStateHandlerTest" time="0"/>
  <testcase name="checkWinDiagonalY2" classname="GameStateHandlerTest" time="0.001"/>
  <testcase name="checkWinHorizontalX" classname="GameStateHandlerTest" time="0"/>
  <testcase name="checkWinHorizontalX2" classname="GameStateHandlerTest" time="0"/>
  <testcase name="checkWinHorizontalX3" classname="GameStateHandlerTest" time="0.001"/>
</testsuite>